<?xml version="1.0" encoding="UTF-8"?>
<!-- Generated by org.testng.reporters.JUnitReportReporter -->
<testsuite hostname="DESKTOP-2G2GDD3" failures="0" tests="1" name="AppiumFirst" time="20.047" errors="0" timestamp="2023-08-19T13:43:07 EEST" skipped="0">
  <testcase classname="AppiumFirst" name="myFirstTest" time="20.047"/>
</testsuite> <!-- AppiumFirst -->
